# JRE version: OpenJDK Runtime Environment (11.0.13) (build 11.0.13+0-b1751.21-8125866)
# Java VM: OpenJDK 64-Bit Server VM (11.0.13+0-b1751.21-8125866, mixed mode, tiered, compressed oops, g1 gc, windows-amd64)
Heap:
 garbage-first heap   total 262144K, used 59271K [0x0000000700000000, 0x0000000800000000)
  region size 1024K, 45 young (46080K), 7 survivors (7168K)
 Metaspace       used 38184K, capacity 39122K, committed 39248K, reserved 1083392K
  class space    used 4882K, capacity 5223K, committed 5248K, reserved 1048576K
GC Heap History (10 events):
Event: 0.451 GC heap before
{Heap before GC invocations=0 (full 0):
 garbage-first heap   total 262144K, used 29696K [0x0000000700000000, 0x0000000800000000)
  region size 1024K, 24 young (24576K), 0 survivors (0K)
 Metaspace       used 10135K, capacity 10399K, committed 10624K, reserved 1058816K
  class space    used 1046K, capacity 1106K, committed 1152K, reserved 1048576K
}
Event: 0.454 GC heap after
{Heap after GC invocations=1 (full 0):
 garbage-first heap   total 262144K, used 9242K [0x0000000700000000, 0x0000000800000000)
  region size 1024K, 3 young (3072K), 3 survivors (3072K)
 Metaspace       used 10135K, capacity 10399K, committed 10624K, reserved 1058816K
  class space    used 1046K, capacity 1106K, committed 1152K, reserved 1048576K
}
Event: 1.428 GC heap before
{Heap before GC invocations=1 (full 0):
 garbage-first heap   total 262144K, used 72730K [0x0000000700000000, 0x0000000800000000)
  region size 1024K, 65 young (66560K), 3 survivors (3072K)
 Metaspace       used 15930K, capacity 16329K, committed 16640K, reserved 1064960K
  class space    used 1798K, capacity 1935K, committed 2048K, reserved 1048576K
}
Event: 1.432 GC heap after
{Heap after GC invocations=2 (full 0):
 garbage-first heap   total 262144K, used 15415K [0x0000000700000000, 0x0000000800000000)
  region size 1024K, 9 young (9216K), 9 survivors (9216K)
 Metaspace       used 15930K, capacity 16329K, committed 16640K, reserved 1064960K
  class space    used 1798K, capacity 1935K, committed 2048K, reserved 1048576K
}
Event: 1.743 GC heap before
{Heap before GC invocations=2 (full 0):
 garbage-first heap   total 262144K, used 55351K [0x0000000700000000, 0x0000000800000000)
  region size 1024K, 50 young (51200K), 9 survivors (9216K)
 Metaspace       used 20796K, capacity 21197K, committed 21296K, reserved 1069056K
  class space    used 2528K, capacity 2688K, committed 2688K, reserved 1048576K
}
Event: 1.748 GC heap after
{Heap after GC invocations=3 (full 0):
 garbage-first heap   total 262144K, used 17057K [0x0000000700000000, 0x0000000800000000)
  region size 1024K, 2 young (2048K), 2 survivors (2048K)
 Metaspace       used 20796K, capacity 21197K, committed 21296K, reserved 1069056K
  class space    used 2528K, capacity 2688K, committed 2688K, reserved 1048576K
}
Event: 2.310 GC heap before
{Heap before GC invocations=4 (full 0):
 garbage-first heap   total 262144K, used 91809K [0x0000000700000000, 0x0000000800000000)
  region size 1024K, 75 young (76800K), 2 survivors (2048K)
 Metaspace       used 28086K, capacity 28767K, committed 29056K, reserved 1075200K
  class space    used 3664K, capacity 3880K, committed 3968K, reserved 1048576K
}
Event: 2.314 GC heap after
{Heap after GC invocations=5 (full 0):
 garbage-first heap   total 262144K, used 19389K [0x0000000700000000, 0x0000000800000000)
  region size 1024K, 5 young (5120K), 5 survivors (5120K)
 Metaspace       used 28086K, capacity 28767K, committed 29056K, reserved 1075200K
  class space    used 3664K, capacity 3880K, committed 3968K, reserved 1048576K
}
Event: 2.707 GC heap before
{Heap before GC invocations=5 (full 0):
 garbage-first heap   total 262144K, used 62397K [0x0000000700000000, 0x0000000800000000)
  region size 1024K, 48 young (49152K), 5 survivors (5120K)
 Metaspace       used 35203K, capacity 35978K, committed 36048K, reserved 1081344K
  class space    used 4527K, capacity 4840K, committed 4864K, reserved 1048576K
}
Event: 2.711 GC heap after
{Heap after GC invocations=6 (full 0):
 garbage-first heap   total 262144K, used 22407K [0x0000000700000000, 0x0000000800000000)
  region size 1024K, 7 young (7168K), 7 survivors (7168K)
 Metaspace       used 35203K, capacity 35978K, committed 36048K, reserved 1081344K
  class space    used 4527K, capacity 4840K, committed 4864K, reserved 1048576K
}

