# JRE version: OpenJDK Runtime Environment (11.0.13) (build 11.0.13+0-b1751.21-8125866)
# Java VM: OpenJDK 64-Bit Server VM (11.0.13+0-b1751.21-8125866, mixed mode, tiered, compressed oops, g1 gc, windows-amd64)
Heap:
 garbage-first heap   total 378880K, used 179437K [0x0000000700000000, 0x0000000800000000)
  region size 1024K, 74 young (75776K), 20 survivors (20480K)
 Metaspace       used 133842K, capacity 139391K, committed 139596K, reserved 1169408K
  class space    used 16890K, capacity 19175K, committed 19276K, reserved 1048576K
GC Heap History (20 events):
Event: 11.313 GC heap before
{Heap before GC invocations=14 (full 0):
 garbage-first heap   total 315392K, used 195344K [0x0000000700000000, 0x0000000800000000)
  region size 1024K, 127 young (130048K), 16 survivors (16384K)
 Metaspace       used 98584K, capacity 101079K, committed 101200K, reserved 1136640K
  class space    used 12606K, capacity 13575K, committed 13696K, reserved 1048576K
}
Event: 11.330 GC heap after
{Heap after GC invocations=15 (full 0):
 garbage-first heap   total 315392K, used 93402K [0x0000000700000000, 0x0000000800000000)
  region size 1024K, 18 young (18432K), 18 survivors (18432K)
 Metaspace       used 98584K, capacity 101079K, committed 101200K, reserved 1136640K
  class space    used 12606K, capacity 13575K, committed 13696K, reserved 1048576K
}
Event: 12.982 GC heap before
{Heap before GC invocations=16 (full 0):
 garbage-first heap   total 315392K, used 251098K [0x0000000700000000, 0x0000000800000000)
  region size 1024K, 169 young (173056K), 18 survivors (18432K)
 Metaspace       used 113653K, capacity 117681K, committed 117964K, reserved 1150976K
  class space    used 14847K, capacity 16521K, committed 16588K, reserved 1048576K
}
Event: 13.002 GC heap after
{Heap after GC invocations=17 (full 0):
 garbage-first heap   total 378880K, used 107233K [0x0000000700000000, 0x0000000800000000)
  region size 1024K, 21 young (21504K), 21 survivors (21504K)
 Metaspace       used 113653K, capacity 117681K, committed 117964K, reserved 1150976K
  class space    used 14847K, capacity 16521K, committed 16588K, reserved 1048576K
}
Event: 28.082 GC heap before
{Heap before GC invocations=18 (full 0):
 garbage-first heap   total 378880K, used 318177K [0x0000000700000000, 0x0000000800000000)
  region size 1024K, 201 young (205824K), 21 survivors (21504K)
 Metaspace       used 126630K, capacity 131543K, committed 131788K, reserved 1163264K
  class space    used 16575K, capacity 18584K, committed 18636K, reserved 1048576K
}
Event: 28.091 GC heap after
{Heap after GC invocations=19 (full 0):
 garbage-first heap   total 378880K, used 101493K [0x0000000700000000, 0x0000000800000000)
  region size 1024K, 11 young (11264K), 11 survivors (11264K)
 Metaspace       used 126630K, capacity 131543K, committed 131788K, reserved 1163264K
  class space    used 16575K, capacity 18584K, committed 18636K, reserved 1048576K
}
Event: 119.866 GC heap before
{Heap before GC invocations=19 (full 0):
 garbage-first heap   total 378880K, used 296053K [0x0000000700000000, 0x0000000800000000)
  region size 1024K, 202 young (206848K), 11 survivors (11264K)
 Metaspace       used 128266K, capacity 133416K, committed 133452K, reserved 1165312K
  class space    used 16660K, capacity 18735K, committed 18764K, reserved 1048576K
}
Event: 119.871 GC heap after
{Heap after GC invocations=20 (full 0):
 garbage-first heap   total 378880K, used 98361K [0x0000000700000000, 0x0000000800000000)
  region size 1024K, 8 young (8192K), 8 survivors (8192K)
 Metaspace       used 128266K, capacity 133416K, committed 133452K, reserved 1165312K
  class space    used 16660K, capacity 18735K, committed 18764K, reserved 1048576K
}
Event: 125.714 GC heap before
{Heap before GC invocations=20 (full 0):
 garbage-first heap   total 378880K, used 328761K [0x0000000700000000, 0x0000000800000000)
  region size 1024K, 206 young (210944K), 8 survivors (8192K)
 Metaspace       used 129432K, capacity 134571K, committed 134860K, reserved 1165312K
  class space    used 16681K, capacity 18802K, committed 18892K, reserved 1048576K
}
Event: 125.724 GC heap after
{Heap after GC invocations=21 (full 0):
 garbage-first heap   total 378880K, used 105946K [0x0000000700000000, 0x0000000800000000)
  region size 1024K, 14 young (14336K), 14 survivors (14336K)
 Metaspace       used 129432K, capacity 134571K, committed 134860K, reserved 1165312K
  class space    used 16681K, capacity 18802K, committed 18892K, reserved 1048576K
}
Event: 387.345 GC heap before
{Heap before GC invocations=21 (full 0):
 garbage-first heap   total 378880K, used 335322K [0x0000000700000000, 0x0000000800000000)
  region size 1024K, 211 young (216064K), 14 survivors (14336K)
 Metaspace       used 130620K, capacity 135937K, committed 136268K, reserved 1167360K
  class space    used 16734K, capacity 18899K, committed 19020K, reserved 1048576K
}
Event: 387.353 GC heap after
{Heap after GC invocations=22 (full 0):
 garbage-first heap   total 378880K, used 103782K [0x0000000700000000, 0x0000000800000000)
  region size 1024K, 12 young (12288K), 12 survivors (12288K)
 Metaspace       used 130620K, capacity 135937K, committed 136268K, reserved 1167360K
  class space    used 16734K, capacity 18899K, committed 19020K, reserved 1048576K
}
Event: 395.515 GC heap before
{Heap before GC invocations=22 (full 0):
 garbage-first heap   total 378880K, used 338278K [0x0000000700000000, 0x0000000800000000)
  region size 1024K, 212 young (217088K), 12 survivors (12288K)
 Metaspace       used 131839K, capacity 137454K, committed 137804K, reserved 1167360K
  class space    used 16879K, capacity 19167K, committed 19276K, reserved 1048576K
}
Event: 395.525 GC heap after
{Heap after GC invocations=23 (full 0):
 garbage-first heap   total 378880K, used 114876K [0x0000000700000000, 0x0000000800000000)
  region size 1024K, 20 young (20480K), 20 survivors (20480K)
 Metaspace       used 131839K, capacity 137454K, committed 137804K, reserved 1167360K
  class space    used 16879K, capacity 19167K, committed 19276K, reserved 1048576K
}
Event: 421.535 GC heap before
{Heap before GC invocations=23 (full 0):
 garbage-first heap   total 378880K, used 336060K [0x0000000700000000, 0x0000000800000000)
  region size 1024K, 209 young (214016K), 20 survivors (20480K)
 Metaspace       used 132586K, capacity 138158K, committed 138316K, reserved 1169408K
  class space    used 16881K, capacity 19169K, committed 19276K, reserved 1048576K
}
Event: 421.546 GC heap after
{Heap after GC invocations=24 (full 0):
 garbage-first heap   total 378880K, used 112197K [0x0000000700000000, 0x0000000800000000)
  region size 1024K, 10 young (10240K), 10 survivors (10240K)
 Metaspace       used 132586K, capacity 138158K, committed 138316K, reserved 1169408K
  class space    used 16881K, capacity 19169K, committed 19276K, reserved 1048576K
}
Event: 514.046 GC heap before
{Heap before GC invocations=24 (full 0):
 garbage-first heap   total 378880K, used 336453K [0x0000000700000000, 0x0000000800000000)
  region size 1024K, 202 young (206848K), 10 survivors (10240K)
 Metaspace       used 132948K, capacity 138571K, committed 138828K, reserved 1169408K
  class space    used 16884K, capacity 19171K, committed 19276K, reserved 1048576K
}
Event: 514.053 GC heap after
{Heap after GC invocations=25 (full 0):
 garbage-first heap   total 378880K, used 118954K [0x0000000700000000, 0x0000000800000000)
  region size 1024K, 17 young (17408K), 17 survivors (17408K)
 Metaspace       used 132948K, capacity 138571K, committed 138828K, reserved 1169408K
  class space    used 16884K, capacity 19171K, committed 19276K, reserved 1048576K
}
Event: 1383.632 GC heap before
{Heap before GC invocations=25 (full 0):
 garbage-first heap   total 378880K, used 331946K [0x0000000700000000, 0x0000000800000000)
  region size 1024K, 198 young (202752K), 17 survivors (17408K)
 Metaspace       used 133531K, capacity 139114K, committed 139340K, reserved 1169408K
  class space    used 16887K, capacity 19172K, committed 19276K, reserved 1048576K
}
Event: 1383.642 GC heap after
{Heap after GC invocations=26 (full 0):
 garbage-first heap   total 378880K, used 126189K [0x0000000700000000, 0x0000000800000000)
  region size 1024K, 20 young (20480K), 20 survivors (20480K)
 Metaspace       used 133531K, capacity 139114K, committed 139340K, reserved 1169408K
  class space    used 16887K, capacity 19172K, committed 19276K, reserved 1048576K
}

